<?xml version="1.0" encoding="UTF-8"?>
<!-- Generated by org.testng.reporters.JUnitXMLReporter -->
<testsuite ignored="0" hostname="Saushree" failures="0" tests="2" name="Linux-Firefox" time="296.937" errors="0" timestamp="2026-01-06T16:52:46 IST">
  <testcase classname="testCases.TC_001_AccountRegistrationTest" name="verify_account_registration" time="0.0">
    <skipped/>
  </testcase> <!-- verify_account_registration -->
  <testcase classname="testCases.TC_002_LoginTest" name="verifyLogin" time="0.001">
    <skipped/>
  </testcase> <!-- verifyLogin -->
</testsuite> <!-- Linux-Firefox -->
